<?xml version="1.0" encoding="UTF-8"?>
<testng-results ignored="0" total="2" passed="2" failed="0" skipped="0">
  <reporter-output>
  </reporter-output>
  <suite started-at="2021-11-20T16:04:59Z" name="Default suite" finished-at="2021-11-20T16:05:12Z" duration-ms="12853">
    <groups>
    </groups>
    <test started-at="2021-11-20T16:04:59Z" name="Default test" finished-at="2021-11-20T16:05:12Z" duration-ms="12853">
      <class name="veriousconcept_TestNG.TestNg">
        <test-method is-config="true" signature="init()[pri:0, instance:veriousconcept_TestNG.TestNg@5e3d57c7]" started-at="2021-11-20T16:04:59Z" name="init" finished-at="2021-11-20T16:05:02Z" duration-ms="3752" status="PASS">
          <reporter-output>
          </reporter-output>
        </test-method> <!-- init -->
        <test-method signature="testlogingPage()[pri:1, instance:veriousconcept_TestNG.TestNg@5e3d57c7]" started-at="2021-11-20T16:05:02Z" name="testlogingPage" finished-at="2021-11-20T16:05:05Z" duration-ms="2060" status="PASS">
          <reporter-output>
          </reporter-output>
        </test-method> <!-- testlogingPage -->
        <test-method is-config="true" signature="init()[pri:0, instance:veriousconcept_TestNG.TestNg@5e3d57c7]" started-at="2021-11-20T16:05:05Z" name="init" finished-at="2021-11-20T16:05:08Z" duration-ms="3499" status="PASS">
          <reporter-output>
          </reporter-output>
        </test-method> <!-- init -->
        <test-method signature="addcustomer()[pri:2, instance:veriousconcept_TestNG.TestNg@5e3d57c7]" started-at="2021-11-20T16:05:08Z" name="addcustomer" finished-at="2021-11-20T16:05:12Z" duration-ms="3498" status="PASS">
          <reporter-output>
          </reporter-output>
        </test-method> <!-- addcustomer -->
      </class> <!-- veriousconcept_TestNG.TestNg -->
    </test> <!-- Default test -->
  </suite> <!-- Default suite -->
</testng-results>
